  [1m[36mSQL (167.4ms)[0m  [1mCREATE INDEX "index_servicos_on_admin_user_id" ON "servicos" ("admin_user_id")[0m
  [1m[35mSQL (0.2ms)[0m  PRAGMA index_list("servicos")
  [1m[36mSQL (0.1ms)[0m  [1mPRAGMA index_info('index_servicos_on_admin_user_id')[0m
  [1m[35mSQL (166.8ms)[0m  CREATE INDEX "index_servicos_on_data_saida" ON "servicos" ("data_saida")
  [1m[36mSQL (0.2ms)[0m  [1mPRAGMA index_list("servicos")[0m
  [1m[35mSQL (0.1ms)[0m  PRAGMA index_info('index_servicos_on_data_saida')
  [1m[36mSQL (0.1ms)[0m  [1mPRAGMA index_info('index_servicos_on_admin_user_id')[0m
  [1m[35mSQL (154.9ms)[0m  CREATE INDEX "index_servicos_on_modelo" ON "servicos" ("modelo")
  [1m[36mSQL (0.2ms)[0m  [1mPRAGMA index_list("servicos")[0m
  [1m[35mSQL (0.1ms)[0m  PRAGMA index_info('index_servicos_on_modelo')
  [1m[36mSQL (0.1ms)[0m  [1mPRAGMA index_info('index_servicos_on_data_saida')[0m
  [1m[35mSQL (0.1ms)[0m  PRAGMA index_info('index_servicos_on_admin_user_id')
  [1m[36mSQL (165.9ms)[0m  [1mCREATE INDEX "index_servicos_on_nome" ON "servicos" ("nome")[0m
  [1m[35mSQL (0.3ms)[0m   SELECT name
 FROM sqlite_master
 WHERE type = 'table' AND NOT name = 'sqlite_sequence'
  [1m[36mSQL (188.5ms)[0m  [1mCREATE TABLE "versions" ("id" INTEGER PRIMARY KEY AUTOINCREMENT NOT NULL, "item_type" varchar(255) NOT NULL, "item_id" integer NOT NULL, "event" varchar(255) NOT NULL, "whodunnit" varchar(255), "object" text, "created_at" datetime) [0m
  [1m[35mSQL (0.1ms)[0m  PRAGMA index_list("versions")
  [1m[36mSQL (166.6ms)[0m  [1mCREATE INDEX "index_versions_on_item_type_and_item_id" ON "versions" ("item_type", "item_id")[0m
  [1m[35mSQL (0.3ms)[0m   SELECT name
 FROM sqlite_master
 WHERE type = 'table' AND NOT name = 'sqlite_sequence'
  [1m[36mSQL (155.3ms)[0m  [1mCREATE TABLE "schema_migrations" ("version" varchar(255) NOT NULL) [0m
  [1m[35mSQL (0.1ms)[0m  PRAGMA index_list("schema_migrations")
  [1m[36mSQL (178.1ms)[0m  [1mCREATE UNIQUE INDEX "unique_schema_migrations" ON "schema_migrations" ("version")[0m
  [1m[35mSQL (0.3ms)[0m   SELECT name
 FROM sqlite_master
 WHERE type = 'table' AND NOT name = 'sqlite_sequence'
  [1m[36mSQL (0.1ms)[0m  [1mSELECT version FROM "schema_migrations"[0m
  [1m[35mSQL (177.1ms)[0m  INSERT INTO "schema_migrations" (version) VALUES ('20130409225132')
  [1m[36mSQL (155.6ms)[0m  [1mINSERT INTO "schema_migrations" (version) VALUES ('20130323190454')[0m
  [1m[35mSQL (146.1ms)[0m  INSERT INTO "schema_migrations" (version) VALUES ('201104120621')
  [1m[36mSQL (133.8ms)[0m  [1mINSERT INTO "schema_migrations" (version) VALUES ('20110426072324')[0m
  [1m[35mSQL (133.5ms)[0m  INSERT INTO "schema_migrations" (version) VALUES ('20101005235210')
  [1m[36mSQL (133.5ms)[0m  [1mINSERT INTO "schema_migrations" (version) VALUES ('20101005235320')[0m
  [1m[35mSQL (166.7ms)[0m  INSERT INTO "schema_migrations" (version) VALUES ('20110412132112')
  [1m[36mSQL (0.4ms)[0m  [1m SELECT name
 FROM sqlite_master
 WHERE type = 'table' AND NOT name = 'sqlite_sequence'
[0m
  [1m[35mSQL (0.3ms)[0m   SELECT name
 FROM sqlite_master
 WHERE type = 'table' AND NOT name = 'sqlite_sequence'
  [1m[36mSQL (0.3ms)[0m  [1mSELECT "schema_migrations"."version" FROM "schema_migrations"[0m
DEPRECATION WARNING: config.action_view.debug_rjs will be removed in 3.1, from 3.1 onwards you will need to install prototype-rails to continue to use RJS templates . (called from <top (required)> at /home/neto/Downloads/aticell/config/environment.rb:5)
DEPRECATION WARNING: RAILS_ROOT is deprecated. Please use ::Rails.root.to_s. (called from <top (required)> at /home/neto/Downloads/aticell/config/initializers/config.rb:1)
DEPRECATION WARNING: RAILS_ENV is deprecated. Please use ::Rails.env. (called from <top (required)> at /home/neto/Downloads/aticell/config/initializers/config.rb:1)
  [1m[36mSQL (1.1ms)[0m  [1mselect sqlite_version(*)[0m
  [1m[35mSQL (0.4ms)[0m   SELECT name
 FROM sqlite_master
 WHERE type = 'table' AND NOT name = 'sqlite_sequence'
  [1m[36mSQL (200.8ms)[0m  [1mDROP TABLE "active_admin_comments"[0m
  [1m[35mSQL (177.3ms)[0m  CREATE TABLE "active_admin_comments" ("id" INTEGER PRIMARY KEY AUTOINCREMENT NOT NULL, "resource_id" integer NOT NULL, "resource_type" varchar(255) NOT NULL, "author_id" integer, "author_type" varchar(255), "body" text, "created_at" datetime, "updated_at" datetime, "namespace" varchar(255)) 
  [1m[36mSQL (0.1ms)[0m  [1mPRAGMA index_list("active_admin_comments")[0m
  [1m[35mSQL (198.8ms)[0m  CREATE INDEX "index_active_admin_comments_on_author_type_and_author_id" ON "active_admin_comments" ("author_type", "author_id")
  [1m[36mSQL (0.2ms)[0m  [1mPRAGMA index_list("active_admin_comments")[0m
  [1m[35mSQL (0.1ms)[0m  PRAGMA index_info('index_active_admin_comments_on_author_type_and_author_id')
  [1m[36mSQL (188.1ms)[0m  [1mCREATE INDEX "index_active_admin_comments_on_namespace" ON "active_admin_comments" ("namespace")[0m
  [1m[35mSQL (0.2ms)[0m  PRAGMA index_list("active_admin_comments")
  [1m[36mSQL (0.1ms)[0m  [1mPRAGMA index_info('index_active_admin_comments_on_namespace')[0m
  [1m[35mSQL (0.1ms)[0m  PRAGMA index_info('index_active_admin_comments_on_author_type_and_author_id')
  [1m[36mSQL (167.2ms)[0m  [1mCREATE INDEX "index_admin_notes_on_resource_type_and_resource_id" ON "active_admin_comments" ("resource_type", "resource_id")[0m
  [1m[35mSQL (0.4ms)[0m   SELECT name
 FROM sqlite_master
 WHERE type = 'table' AND NOT name = 'sqlite_sequence'
  [1m[36mSQL (153.5ms)[0m  [1mDROP TABLE "admin_users"[0m
  [1m[35mSQL (136.7ms)[0m  CREATE TABLE "admin_users" ("id" INTEGER PRIMARY KEY AUTOINCREMENT NOT NULL, "email" varchar(255) DEFAULT '' NOT NULL, "encrypted_password" varchar(128) DEFAULT '' NOT NULL, "reset_password_token" varchar(255), "remember_created_at" datetime, "sign_in_count" integer DEFAULT 0, "current_sign_in_at" datetime, "last_sign_in_at" datetime, "current_sign_in_ip" varchar(255), "last_sign_in_ip" varchar(255), "created_at" datetime, "updated_at" datetime, "nome" varchar(255), "username" varchar(255), "admin" boolean DEFAULT 'f') 
  [1m[36mSQL (0.1ms)[0m  [1mPRAGMA index_list("admin_users")[0m
  [1m[35mSQL (188.3ms)[0m  CREATE UNIQUE INDEX "index_admin_users_on_email" ON "admin_users" ("email")
  [1m[36mSQL (0.2ms)[0m  [1mPRAGMA index_list("admin_users")[0m
  [1m[35mSQL (0.1ms)[0m  PRAGMA index_info('index_admin_users_on_email')
  [1m[36mSQL (210.0ms)[0m  [1mCREATE UNIQUE INDEX "index_admin_users_on_reset_password_token" ON "admin_users" ("reset_password_token")[0m
  [1m[35mSQL (0.4ms)[0m   SELECT name
 FROM sqlite_master
 WHERE type = 'table' AND NOT name = 'sqlite_sequence'
  [1m[36mSQL (176.5ms)[0m  [1mDROP TABLE "produtos"[0m
  [1m[35mSQL (154.6ms)[0m  CREATE TABLE "produtos" ("id" INTEGER PRIMARY KEY AUTOINCREMENT NOT NULL, "servico_id" integer, "quantidade" integer DEFAULT 0, "unidade" varchar(4), "descricao" varchar(100), "price" decimal(8,2) DEFAULT 0.0, "created_at" datetime, "updated_at" datetime) 
  [1m[36mSQL (0.1ms)[0m  [1mPRAGMA index_list("produtos")[0m
  [1m[35mSQL (156.8ms)[0m  CREATE INDEX "index_produtos_on_servico_id" ON "produtos" ("servico_id")
  [1m[36mSQL (0.3ms)[0m  [1m SELECT name
 FROM sqlite_master
 WHERE type = 'table' AND NOT name = 'sqlite_sequence'
[0m
  [1m[35mSQL (175.9ms)[0m  DROP TABLE "servicos"
  [1m[36mSQL (166.0ms)[0m  [1mCREATE TABLE "servicos" ("id" INTEGER PRIMARY KEY AUTOINCREMENT NOT NULL, "tipos" varchar(255), "status" varchar(255), "nome" varchar(255), "endereco" varchar(255), "telefone" varchar(255), "modelo" varchar(255), "imei" varchar(255), "admin_user_id" integer, "data_saida" datetime, "entrega" boolean, "total_price" decimal(8,2) DEFAULT 0.0, "created_at" datetime, "updated_at" datetime) [0m
  [1m[35mSQL (0.1ms)[0m  PRAGMA index_list("servicos")
  [1m[36mSQL (199.2ms)[0m  [1mCREATE INDEX "index_servicos_on_admin_user_id" ON "servicos" ("admin_user_id")[0m
  [1m[35mSQL (0.2ms)[0m  PRAGMA index_list("servicos")
  [1m[36mSQL (0.1ms)[0m  [1mPRAGMA index_info('index_servicos_on_admin_user_id')[0m
  [1m[35mSQL (177.1ms)[0m  CREATE INDEX "index_servicos_on_data_saida" ON "servicos" ("data_saida")
  [1m[36mSQL (0.2ms)[0m  [1mPRAGMA index_list("servicos")[0m
  [1m[35mSQL (0.1ms)[0m  PRAGMA index_info('index_servicos_on_data_saida')
  [1m[36mSQL (0.1ms)[0m  [1mPRAGMA index_info('index_servicos_on_admin_user_id')[0m
  [1m[35mSQL (165.7ms)[0m  CREATE INDEX "index_servicos_on_modelo" ON "servicos" ("modelo")
  [1m[36mSQL (0.2ms)[0m  [1mPRAGMA index_list("servicos")[0m
  [1m[35mSQL (0.1ms)[0m  PRAGMA index_info('index_servicos_on_modelo')
  [1m[36mSQL (0.1ms)[0m  [1mPRAGMA index_info('index_servicos_on_data_saida')[0m
  [1m[35mSQL (0.1ms)[0m  PRAGMA index_info('index_servicos_on_admin_user_id')
  [1m[36mSQL (155.8ms)[0m  [1mCREATE INDEX "index_servicos_on_nome" ON "servicos" ("nome")[0m
  [1m[35mSQL (0.4ms)[0m   SELECT name
 FROM sqlite_master
 WHERE type = 'table' AND NOT name = 'sqlite_sequence'
  [1m[36mSQL (187.3ms)[0m  [1mDROP TABLE "versions"[0m
  [1m[35mSQL (144.1ms)[0m  CREATE TABLE "versions" ("id" INTEGER PRIMARY KEY AUTOINCREMENT NOT NULL, "item_type" varchar(255) NOT NULL, "item_id" integer NOT NULL, "event" varchar(255) NOT NULL, "whodunnit" varchar(255), "object" text, "created_at" datetime) 
  [1m[36mSQL (0.1ms)[0m  [1mPRAGMA index_list("versions")[0m
  [1m[35mSQL (177.5ms)[0m  CREATE INDEX "index_versions_on_item_type_and_item_id" ON "versions" ("item_type", "item_id")
  [1m[36mSQL (0.3ms)[0m  [1m SELECT name
 FROM sqlite_master
 WHERE type = 'table' AND NOT name = 'sqlite_sequence'
[0m
  [1m[35mSQL (0.2ms)[0m  SELECT version FROM "schema_migrations"
  [1m[36mSQL (0.3ms)[0m  [1m SELECT name
 FROM sqlite_master
 WHERE type = 'table' AND NOT name = 'sqlite_sequence'
[0m
  [1m[35mSQL (0.2ms)[0m   SELECT name
 FROM sqlite_master
 WHERE type = 'table' AND NOT name = 'sqlite_sequence'
  [1m[36mSQL (0.2ms)[0m  [1mSELECT "schema_migrations"."version" FROM "schema_migrations"[0m
DEPRECATION WARNING: config.action_view.debug_rjs will be removed in 3.1, from 3.1 onwards you will need to install prototype-rails to continue to use RJS templates . (called from <top (required)> at /home/neto/Downloads/aticell/config/environment.rb:5)
DEPRECATION WARNING: RAILS_ROOT is deprecated. Please use ::Rails.root.to_s. (called from <top (required)> at /home/neto/Downloads/aticell/config/initializers/config.rb:1)
DEPRECATION WARNING: RAILS_ENV is deprecated. Please use ::Rails.env. (called from <top (required)> at /home/neto/Downloads/aticell/config/initializers/config.rb:1)
  [1m[36mSQL (1.0ms)[0m  [1mselect sqlite_version(*)[0m
  [1m[35mSQL (0.3ms)[0m   SELECT name
 FROM sqlite_master
 WHERE type = 'table' AND NOT name = 'sqlite_sequence'
  [1m[36mSQL (184.8ms)[0m  [1mDROP TABLE "active_admin_comments"[0m
  [1m[35mSQL (188.5ms)[0m  CREATE TABLE "active_admin_comments" ("id" INTEGER PRIMARY KEY AUTOINCREMENT NOT NULL, "resource_id" integer NOT NULL, "resource_type" varchar(255) NOT NULL, "author_id" integer, "author_type" varchar(255), "body" text, "created_at" datetime, "updated_at" datetime, "namespace" varchar(255)) 
  [1m[36mSQL (0.1ms)[0m  [1mPRAGMA index_list("active_admin_comments")[0m
  [1m[35mSQL (199.4ms)[0m  CREATE INDEX "index_active_admin_comments_on_author_type_and_author_id" ON "active_admin_comments" ("author_type", "author_id")
  [1m[36mSQL (0.2ms)[0m  [1mPRAGMA index_list("active_admin_comments")[0m
  [1m[35mSQL (0.1ms)[0m  PRAGMA index_info('index_active_admin_comments_on_author_type_and_author_id')
  [1m[36mSQL (188.1ms)[0m  [1mCREATE INDEX "index_active_admin_comments_on_namespace" ON "active_admin_comments" ("namespace")[0m
  [1m[35mSQL (0.2ms)[0m  PRAGMA index_list("active_admin_comments")
  [1m[36mSQL (0.1ms)[0m  [1mPRAGMA index_info('index_active_admin_comments_on_namespace')[0m
  [1m[35mSQL (0.1ms)[0m  PRAGMA index_info('index_active_admin_comments_on_author_type_and_author_id')
  [1m[36mSQL (199.5ms)[0m  [1mCREATE INDEX "index_admin_notes_on_resource_type_and_resource_id" ON "active_admin_comments" ("resource_type", "resource_id")[0m
  [1m[35mSQL (0.4ms)[0m   SELECT name
 FROM sqlite_master
 WHERE type = 'table' AND NOT name = 'sqlite_sequence'
  [1m[36mSQL (188.0ms)[0m  [1mDROP TABLE "admin_users"[0m
  [1m[35mSQL (155.5ms)[0m  CREATE TABLE "admin_users" ("id" INTEGER PRIMARY KEY AUTOINCREMENT NOT NULL, "email" varchar(255) DEFAULT '' NOT NULL, "encrypted_password" varchar(128) DEFAULT '' NOT NULL, "reset_password_token" varchar(255), "remember_created_at" datetime, "sign_in_count" integer DEFAULT 0, "current_sign_in_at" datetime, "last_sign_in_at" datetime, "current_sign_in_ip" varchar(255), "last_sign_in_ip" varchar(255), "created_at" datetime, "updated_at" datetime, "nome" varchar(255), "username" varchar(255), "admin" boolean DEFAULT 'f') 
  [1m[36mSQL (0.1ms)[0m  [1mPRAGMA index_list("admin_users")[0m
  [1m[35mSQL (187.6ms)[0m  CREATE UNIQUE INDEX "index_admin_users_on_email" ON "admin_users" ("email")
  [1m[36mSQL (0.1ms)[0m  [1mPRAGMA index_list("admin_users")[0m
  [1m[35mSQL (0.1ms)[0m  PRAGMA index_info('index_admin_users_on_email')
  [1m[36mSQL (188.3ms)[0m  [1mCREATE UNIQUE INDEX "index_admin_users_on_reset_password_token" ON "admin_users" ("reset_password_token")[0m
  [1m[35mSQL (0.4ms)[0m   SELECT name
 FROM sqlite_master
 WHERE type = 'table' AND NOT name = 'sqlite_sequence'
  [1m[36mSQL (154.1ms)[0m  [1mDROP TABLE "produtos"[0m
  [1m[35mSQL (144.4ms)[0m  CREATE TABLE "produtos" ("id" INTEGER PRIMARY KEY AUTOINCREMENT NOT NULL, "servico_id" integer, "quantidade" integer DEFAULT 0, "unidade" varchar(4), "descricao" varchar(100), "price" decimal(8,2) DEFAULT 0.0, "created_at" datetime, "updated_at" datetime) 
  [1m[36mSQL (0.1ms)[0m  [1mPRAGMA index_list("produtos")[0m
  [1m[35mSQL (189.9ms)[0m  CREATE INDEX "index_produtos_on_servico_id" ON "produtos" ("servico_id")
  [1m[36mSQL (0.5ms)[0m  [1m SELECT name
 FROM sqlite_master
 WHERE type = 'table' AND NOT name = 'sqlite_sequence'
[0m
  [1m[35mSQL (186.3ms)[0m  DROP TABLE "servicos"
  [1m[36mSQL (155.1ms)[0m  [1mCREATE TABLE "servicos" ("id" INTEGER PRIMARY KEY AUTOINCREMENT NOT NULL, "tipos" varchar(255), "status" varchar(255), "nome" varchar(255), "endereco" varchar(255), "telefone" varchar(255), "modelo" varchar(255), "imei" varchar(255), "admin_user_id" integer, "data_saida" datetime, "entrega" boolean, "total_price" decimal(8,2) DEFAULT 0.0, "created_at" datetime, "updated_at" datetime) [0m
  [1m[35mSQL (0.1ms)[0m  PRAGMA index_list("servicos")
  [1m[36mSQL (176.8ms)[0m  [1mCREATE INDEX "index_servicos_on_admin_user_id" ON "servicos" ("admin_user_id")[0m
  [1m[35mSQL (0.2ms)[0m  PRAGMA index_list("servicos")
  [1m[36mSQL (0.1ms)[0m  [1mPRAGMA index_info('index_servicos_on_admin_user_id')[0m
  [1m[35mSQL (155.1ms)[0m  CREATE INDEX "index_servicos_on_data_saida" ON "servicos" ("data_saida")
  [1m[36mSQL (0.2ms)[0m  [1mPRAGMA index_list("servicos")[0m
  [1m[35mSQL (0.1ms)[0m  PRAGMA index_info('index_servicos_on_data_saida')
  [1m[36mSQL (0.1ms)[0m  [1mPRAGMA index_info('index_servicos_on_admin_user_id')[0m
  [1m[35mSQL (154.8ms)[0m  CREATE INDEX "index_servicos_on_modelo" ON "servicos" ("modelo")
  [1m[36mSQL (0.2ms)[0m  [1mPRAGMA index_list("servicos")[0m
  [1m[35mSQL (0.1ms)[0m  PRAGMA index_info('index_servicos_on_modelo')
  [1m[36mSQL (0.1ms)[0m  [1mPRAGMA index_info('index_servicos_on_data_saida')[0m
  [1m[35mSQL (0.1ms)[0m  PRAGMA index_info('index_servicos_on_admin_user_id')
  [1m[36mSQL (178.1ms)[0m  [1mCREATE INDEX "index_servicos_on_nome" ON "servicos" ("nome")[0m
  [1m[35mSQL (0.4ms)[0m   SELECT name
 FROM sqlite_master
 WHERE type = 'table' AND NOT name = 'sqlite_sequence'
  [1m[36mSQL (198.4ms)[0m  [1mDROP TABLE "versions"[0m
  [1m[35mSQL (166.4ms)[0m  CREATE TABLE "versions" ("id" INTEGER PRIMARY KEY AUTOINCREMENT NOT NULL, "item_type" varchar(255) NOT NULL, "item_id" integer NOT NULL, "event" varchar(255) NOT NULL, "whodunnit" varchar(255), "object" text, "created_at" datetime) 
  [1m[36mSQL (0.1ms)[0m  [1mPRAGMA index_list("versions")[0m
  [1m[35mSQL (166.6ms)[0m  CREATE INDEX "index_versions_on_item_type_and_item_id" ON "versions" ("item_type", "item_id")
  [1m[36mSQL (0.4ms)[0m  [1m SELECT name
 FROM sqlite_master
 WHERE type = 'table' AND NOT name = 'sqlite_sequence'
[0m
  [1m[35mSQL (0.3ms)[0m  SELECT version FROM "schema_migrations"
  [1m[36mSQL (0.4ms)[0m  [1m SELECT name
 FROM sqlite_master
 WHERE type = 'table' AND NOT name = 'sqlite_sequence'
[0m
  [1m[35mSQL (0.3ms)[0m   SELECT name
 FROM sqlite_master
 WHERE type = 'table' AND NOT name = 'sqlite_sequence'
  [1m[36mSQL (0.3ms)[0m  [1mSELECT "schema_migrations"."version" FROM "schema_migrations"[0m
  [1m[35mAREL (0.5ms)[0m  INSERT INTO "servicos" ("tipos", "status", "nome", "endereco", "telefone", "modelo", "imei", "admin_user_id", "data_saida", "entrega", "total_price", "created_at", "updated_at", "id") VALUES ('RECIBO', NULL, 'Teste 01', NULL, NULL, 'IPHONE', NULL, NULL, NULL, NULL, 0.0, '2013-04-15 20:16:53.189048', '2013-04-15 20:16:53.189048', 4000)
  [1m[36mProduto Load (0.2ms)[0m  [1mSELECT "produtos".* FROM "produtos" WHERE ("produtos".servico_id = 4000)[0m
  [1m[35mAREL (123.8ms)[0m  DELETE FROM "servicos" WHERE "servicos"."id" = 4000
DEPRECATION WARNING: config.action_view.debug_rjs will be removed in 3.1, from 3.1 onwards you will need to install prototype-rails to continue to use RJS templates . (called from <top (required)> at /home/neto/Downloads/aticell/config/environment.rb:5)
DEPRECATION WARNING: RAILS_ROOT is deprecated. Please use ::Rails.root.to_s. (called from <top (required)> at /home/neto/Downloads/aticell/config/initializers/config.rb:1)
DEPRECATION WARNING: RAILS_ENV is deprecated. Please use ::Rails.env. (called from <top (required)> at /home/neto/Downloads/aticell/config/initializers/config.rb:1)


Started GET "/aticell/servicos/1/generate_pdf" for 127.0.0.1 at 2013-04-15 17:17:19 -0300
  Processing by Aticell::ServicosController#generate_pdf as HTML
  Parameters: {"id"=>"1"}
  [1m[36mSQL (1.2ms)[0m  [1m SELECT name
 FROM sqlite_master
 WHERE type = 'table' AND NOT name = 'sqlite_sequence'
[0m
  [1m[35mAdminUser Load (0.3ms)[0m  SELECT "admin_users".* FROM "admin_users" WHERE "admin_users"."id" = 1 LIMIT 1
Completed 401 Unauthorized in 16ms


Started GET "/aticell/login" for 127.0.0.1 at 2013-04-15 17:17:19 -0300
  Processing by ActiveAdmin::Devise::SessionsController#new as HTML
Rendered /usr/share/ruby-rvm/gems/ruby-1.9.3-p0/gems/activeadmin-0.5.1/app/views/active_admin/devise/shared/_links.erb (2.1ms)
Rendered /usr/share/ruby-rvm/gems/ruby-1.9.3-p0/gems/activeadmin-0.5.1/app/views/active_admin/devise/sessions/new.html.erb within layouts/active_admin_logged_out (328.2ms)
Completed 200 OK in 378ms (Views: 335.3ms | ActiveRecord: 1.5ms)


Started GET "/stylesheets/active_admin/print.css" for 127.0.0.1 at 2013-04-15 17:17:20 -0300

ActionController::RoutingError (No route matches "/stylesheets/active_admin/print.css"):
  

Rendered /usr/share/ruby-rvm/gems/ruby-1.9.3-p0/gems/actionpack-3.0.10/lib/action_dispatch/middleware/templates/rescues/routing_error.erb within rescues/layout (1.2ms)


Started GET "/aticell/" for 127.0.0.1 at 2013-04-15 17:17:22 -0300
  Processing by Aticell::DashboardController#index as HTML
Completed 401 Unauthorized in 20ms


Started GET "/aticell/login" for 127.0.0.1 at 2013-04-15 17:17:22 -0300
  Processing by ActiveAdmin::Devise::SessionsController#new as HTML
Rendered /usr/share/ruby-rvm/gems/ruby-1.9.3-p0/gems/activeadmin-0.5.1/app/views/active_admin/devise/shared/_links.erb (2.2ms)
Rendered /usr/share/ruby-rvm/gems/ruby-1.9.3-p0/gems/activeadmin-0.5.1/app/views/active_admin/devise/sessions/new.html.erb within layouts/active_admin_logged_out (40.4ms)
Completed 200 OK in 148ms (Views: 47.8ms | ActiveRecord: 0.0ms)


Started GET "/stylesheets/active_admin/print.css" for 127.0.0.1 at 2013-04-15 17:17:23 -0300

ActionController::RoutingError (No route matches "/stylesheets/active_admin/print.css"):
  

Rendered /usr/share/ruby-rvm/gems/ruby-1.9.3-p0/gems/actionpack-3.0.10/lib/action_dispatch/middleware/templates/rescues/routing_error.erb within rescues/layout (1.7ms)


Started POST "/aticell/login" for 127.0.0.1 at 2013-04-15 17:17:27 -0300
  Processing by ActiveAdmin::Devise::SessionsController#create as HTML
  Parameters: {"utf8"=>"✓", "authenticity_token"=>"CHkUev+aTdBdPWHC34cfHxY18UunEWhF9VH5M5mgJfA=", "admin_user"=>{"username"=>"admin", "password"=>"[FILTERED]", "remember_me"=>"0"}, "commit"=>"Entrar"}
  [1m[36mAdminUser Load (0.4ms)[0m  [1mSELECT "admin_users".* FROM "admin_users" WHERE "admin_users"."username" = 'admin' LIMIT 1[0m
Completed 401 Unauthorized in 82ms
  Processing by ActiveAdmin::Devise::SessionsController#new as HTML
  Parameters: {"utf8"=>"✓", "authenticity_token"=>"CHkUev+aTdBdPWHC34cfHxY18UunEWhF9VH5M5mgJfA=", "admin_user"=>{"username"=>"admin", "password"=>"[FILTERED]", "remember_me"=>"0"}, "commit"=>"Entrar"}
Rendered /usr/share/ruby-rvm/gems/ruby-1.9.3-p0/gems/activeadmin-0.5.1/app/views/active_admin/devise/shared/_links.erb (1.9ms)
Rendered /usr/share/ruby-rvm/gems/ruby-1.9.3-p0/gems/activeadmin-0.5.1/app/views/active_admin/devise/sessions/new.html.erb within layouts/active_admin_logged_out (42.4ms)
Completed 200 OK in 199ms (Views: 49.1ms | ActiveRecord: 0.4ms)


Started GET "/stylesheets/active_admin/print.css" for 127.0.0.1 at 2013-04-15 17:17:28 -0300

ActionController::RoutingError (No route matches "/stylesheets/active_admin/print.css"):
  

Rendered /usr/share/ruby-rvm/gems/ruby-1.9.3-p0/gems/actionpack-3.0.10/lib/action_dispatch/middleware/templates/rescues/routing_error.erb within rescues/layout (1.7ms)


Started POST "/aticell/login" for 127.0.0.1 at 2013-04-15 17:17:30 -0300
  Processing by ActiveAdmin::Devise::SessionsController#create as HTML
  Parameters: {"utf8"=>"✓", "authenticity_token"=>"CHkUev+aTdBdPWHC34cfHxY18UunEWhF9VH5M5mgJfA=", "admin_user"=>{"username"=>"admin", "password"=>"[FILTERED]", "remember_me"=>"0"}, "commit"=>"Entrar"}
  [1m[35mAdminUser Load (2.0ms)[0m  SELECT "admin_users".* FROM "admin_users" WHERE "admin_users"."username" = 'admin' LIMIT 1
Completed 401 Unauthorized in 82ms
  Processing by ActiveAdmin::Devise::SessionsController#new as HTML
  Parameters: {"utf8"=>"✓", "authenticity_token"=>"CHkUev+aTdBdPWHC34cfHxY18UunEWhF9VH5M5mgJfA=", "admin_user"=>{"username"=>"admin", "password"=>"[FILTERED]", "remember_me"=>"0"}, "commit"=>"Entrar"}
Rendered /usr/share/ruby-rvm/gems/ruby-1.9.3-p0/gems/activeadmin-0.5.1/app/views/active_admin/devise/shared/_links.erb (2.2ms)
Rendered /usr/share/ruby-rvm/gems/ruby-1.9.3-p0/gems/activeadmin-0.5.1/app/views/active_admin/devise/sessions/new.html.erb within layouts/active_admin_logged_out (38.7ms)
Completed 200 OK in 196ms (Views: 45.4ms | ActiveRecord: 2.0ms)


Started GET "/stylesheets/active_admin/print.css" for 127.0.0.1 at 2013-04-15 17:17:30 -0300

ActionController::RoutingError (No route matches "/stylesheets/active_admin/print.css"):
  

Rendered /usr/share/ruby-rvm/gems/ruby-1.9.3-p0/gems/actionpack-3.0.10/lib/action_dispatch/middleware/templates/rescues/routing_error.erb within rescues/layout (1.3ms)


Started POST "/aticell/login" for 127.0.0.1 at 2013-04-15 17:17:34 -0300
  Processing by ActiveAdmin::Devise::SessionsController#create as HTML
  Parameters: {"utf8"=>"✓", "authenticity_token"=>"CHkUev+aTdBdPWHC34cfHxY18UunEWhF9VH5M5mgJfA=", "admin_user"=>{"username"=>"admin", "password"=>"[FILTERED]", "remember_me"=>"0"}, "commit"=>"Entrar"}
  [1m[36mAdminUser Load (0.3ms)[0m  [1mSELECT "admin_users".* FROM "admin_users" WHERE "admin_users"."username" = 'admin' LIMIT 1[0m
Completed 401 Unauthorized in 77ms
  Processing by ActiveAdmin::Devise::SessionsController#new as HTML
  Parameters: {"utf8"=>"✓", "authenticity_token"=>"CHkUev+aTdBdPWHC34cfHxY18UunEWhF9VH5M5mgJfA=", "admin_user"=>{"username"=>"admin", "password"=>"[FILTERED]", "remember_me"=>"0"}, "commit"=>"Entrar"}
Rendered /usr/share/ruby-rvm/gems/ruby-1.9.3-p0/gems/activeadmin-0.5.1/app/views/active_admin/devise/shared/_links.erb (2.0ms)
Rendered /usr/share/ruby-rvm/gems/ruby-1.9.3-p0/gems/activeadmin-0.5.1/app/views/active_admin/devise/sessions/new.html.erb within layouts/active_admin_logged_out (37.3ms)
Completed 200 OK in 196ms (Views: 43.9ms | ActiveRecord: 0.3ms)


Started GET "/stylesheets/active_admin/print.css" for 127.0.0.1 at 2013-04-15 17:17:34 -0300

ActionController::RoutingError (No route matches "/stylesheets/active_admin/print.css"):
  

Rendered /usr/share/ruby-rvm/gems/ruby-1.9.3-p0/gems/actionpack-3.0.10/lib/action_dispatch/middleware/templates/rescues/routing_error.erb within rescues/layout (1.3ms)


Started POST "/aticell/login" for 127.0.0.1 at 2013-04-15 17:17:56 -0300
  Processing by ActiveAdmin::Devise::SessionsController#create as HTML
  Parameters: {"utf8"=>"✓", "authenticity_token"=>"CHkUev+aTdBdPWHC34cfHxY18UunEWhF9VH5M5mgJfA=", "admin_user"=>{"username"=>"admin", "password"=>"[FILTERED]", "remember_me"=>"0"}, "commit"=>"Entrar"}
  [1m[35mAdminUser Load (0.3ms)[0m  SELECT "admin_users".* FROM "admin_users" WHERE "admin_users"."username" = 'admin' LIMIT 1
Completed 401 Unauthorized in 80ms
  Processing by ActiveAdmin::Devise::SessionsController#new as HTML
  Parameters: {"utf8"=>"✓", "authenticity_token"=>"CHkUev+aTdBdPWHC34cfHxY18UunEWhF9VH5M5mgJfA=", "admin_user"=>{"username"=>"admin", "password"=>"[FILTERED]", "remember_me"=>"0"}, "commit"=>"Entrar"}
Rendered /usr/share/ruby-rvm/gems/ruby-1.9.3-p0/gems/activeadmin-0.5.1/app/views/active_admin/devise/shared/_links.erb (2.0ms)
Rendered /usr/share/ruby-rvm/gems/ruby-1.9.3-p0/gems/activeadmin-0.5.1/app/views/active_admin/devise/sessions/new.html.erb within layouts/active_admin_logged_out (37.6ms)
Completed 200 OK in 194ms (Views: 44.1ms | ActiveRecord: 0.3ms)


Started GET "/stylesheets/active_admin/print.css" for 127.0.0.1 at 2013-04-15 17:17:56 -0300

ActionController::RoutingError (No route matches "/stylesheets/active_admin/print.css"):
  

Rendered /usr/share/ruby-rvm/gems/ruby-1.9.3-p0/gems/actionpack-3.0.10/lib/action_dispatch/middleware/templates/rescues/routing_error.erb within rescues/layout (1.3ms)


Started POST "/aticell/login" for 127.0.0.1 at 2013-04-15 17:18:29 -0300
  Processing by ActiveAdmin::Devise::SessionsController#create as HTML
  Parameters: {"utf8"=>"✓", "authenticity_token"=>"CHkUev+aTdBdPWHC34cfHxY18UunEWhF9VH5M5mgJfA=", "admin_user"=>{"username"=>"admin", "password"=>"[FILTERED]", "remember_me"=>"0"}, "commit"=>"Entrar"}
  [1m[36mAdminUser Load (0.4ms)[0m  [1mSELECT "admin_users".* FROM "admin_users" WHERE "admin_users"."username" = 'admin' LIMIT 1[0m
Completed 401 Unauthorized in 81ms
  Processing by ActiveAdmin::Devise::SessionsController#new as HTML
  Parameters: {"utf8"=>"✓", "authenticity_token"=>"CHkUev+aTdBdPWHC34cfHxY18UunEWhF9VH5M5mgJfA=", "admin_user"=>{"username"=>"admin", "password"=>"[FILTERED]", "remember_me"=>"0"}, "commit"=>"Entrar"}
Rendered /usr/share/ruby-rvm/gems/ruby-1.9.3-p0/gems/activeadmin-0.5.1/app/views/active_admin/devise/shared/_links.erb (2.2ms)
Rendered /usr/share/ruby-rvm/gems/ruby-1.9.3-p0/gems/activeadmin-0.5.1/app/views/active_admin/devise/sessions/new.html.erb within layouts/active_admin_logged_out (37.9ms)
Completed 200 OK in 195ms (Views: 44.6ms | ActiveRecord: 0.4ms)


Started GET "/stylesheets/active_admin/print.css" for 127.0.0.1 at 2013-04-15 17:18:30 -0300

ActionController::RoutingError (No route matches "/stylesheets/active_admin/print.css"):
  

Rendered /usr/share/ruby-rvm/gems/ruby-1.9.3-p0/gems/actionpack-3.0.10/lib/action_dispatch/middleware/templates/rescues/routing_error.erb within rescues/layout (1.3ms)


Started POST "/aticell/login" for 127.0.0.1 at 2013-04-15 17:18:34 -0300
  Processing by ActiveAdmin::Devise::SessionsController#create as HTML
  Parameters: {"utf8"=>"✓", "authenticity_token"=>"CHkUev+aTdBdPWHC34cfHxY18UunEWhF9VH5M5mgJfA=", "admin_user"=>{"username"=>"admin", "password"=>"[FILTERED]", "remember_me"=>"0"}, "commit"=>"Entrar"}
  [1m[35mAdminUser Load (0.3ms)[0m  SELECT "admin_users".* FROM "admin_users" WHERE "admin_users"."username" = 'admin' LIMIT 1
Completed 401 Unauthorized in 81ms
  Processing by ActiveAdmin::Devise::SessionsController#new as HTML
  Parameters: {"utf8"=>"✓", "authenticity_token"=>"CHkUev+aTdBdPWHC34cfHxY18UunEWhF9VH5M5mgJfA=", "admin_user"=>{"username"=>"admin", "password"=>"[FILTERED]", "remember_me"=>"0"}, "commit"=>"Entrar"}
Rendered /usr/share/ruby-rvm/gems/ruby-1.9.3-p0/gems/activeadmin-0.5.1/app/views/active_admin/devise/shared/_links.erb (2.2ms)
Rendered /usr/share/ruby-rvm/gems/ruby-1.9.3-p0/gems/activeadmin-0.5.1/app/views/active_admin/devise/sessions/new.html.erb within layouts/active_admin_logged_out (38.0ms)
Completed 200 OK in 202ms (Views: 44.5ms | ActiveRecord: 0.3ms)


Started GET "/stylesheets/active_admin/print.css" for 127.0.0.1 at 2013-04-15 17:18:34 -0300

ActionController::RoutingError (No route matches "/stylesheets/active_admin/print.css"):
  

Rendered /usr/share/ruby-rvm/gems/ruby-1.9.3-p0/gems/actionpack-3.0.10/lib/action_dispatch/middleware/templates/rescues/routing_error.erb within rescues/layout (1.9ms)


Started POST "/aticell/login" for 127.0.0.1 at 2013-04-15 17:19:20 -0300
  Processing by ActiveAdmin::Devise::SessionsController#create as HTML
  Parameters: {"utf8"=>"✓", "authenticity_token"=>"CHkUev+aTdBdPWHC34cfHxY18UunEWhF9VH5M5mgJfA=", "admin_user"=>{"username"=>"admin", "password"=>"[FILTERED]", "remember_me"=>"0"}, "commit"=>"Entrar"}
  [1m[36mAdminUser Load (0.3ms)[0m  [1mSELECT "admin_users".* FROM "admin_users" WHERE "admin_users"."username" = 'admin' LIMIT 1[0m
Completed 401 Unauthorized in 30ms
  Processing by ActiveAdmin::Devise::SessionsController#new as HTML
  Parameters: {"utf8"=>"✓", "authenticity_token"=>"CHkUev+aTdBdPWHC34cfHxY18UunEWhF9VH5M5mgJfA=", "admin_user"=>{"username"=>"admin", "password"=>"[FILTERED]", "remember_me"=>"0"}, "commit"=>"Entrar"}
Rendered /usr/share/ruby-rvm/gems/ruby-1.9.3-p0/gems/activeadmin-0.5.1/app/views/active_admin/devise/shared/_links.erb (2.1ms)
Rendered /usr/share/ruby-rvm/gems/ruby-1.9.3-p0/gems/activeadmin-0.5.1/app/views/active_admin/devise/sessions/new.html.erb within layouts/active_admin_logged_out (38.7ms)
Completed 200 OK in 195ms (Views: 45.2ms | ActiveRecord: 0.3ms)


Started GET "/stylesheets/active_admin/print.css" for 127.0.0.1 at 2013-04-15 17:19:21 -0300

ActionController::RoutingError (No route matches "/stylesheets/active_admin/print.css"):
  

Rendered /usr/share/ruby-rvm/gems/ruby-1.9.3-p0/gems/actionpack-3.0.10/lib/action_dispatch/middleware/templates/rescues/routing_error.erb within rescues/layout (1.2ms)
DEPRECATION WARNING: config.action_view.debug_rjs will be removed in 3.1, from 3.1 onwards you will need to install prototype-rails to continue to use RJS templates . (called from <top (required)> at /home/neto/Downloads/aticell/config/environment.rb:5)
DEPRECATION WARNING: RAILS_ROOT is deprecated. Please use ::Rails.root.to_s. (called from <top (required)> at /home/neto/Downloads/aticell/config/initializers/config.rb:1)
DEPRECATION WARNING: RAILS_ENV is deprecated. Please use ::Rails.env. (called from <top (required)> at /home/neto/Downloads/aticell/config/initializers/config.rb:1)
  [1m[36mSQL (1.1ms)[0m  [1m SELECT name
 FROM sqlite_master
 WHERE type = 'table' AND NOT name = 'sqlite_sequence'
[0m
  [1m[35mSQL (0.2ms)[0m   SELECT name
 FROM sqlite_master
 WHERE type = 'table' AND NOT name = 'sqlite_sequence'
  [1m[36mSQL (0.2ms)[0m  [1mSELECT "schema_migrations"."version" FROM "schema_migrations"[0m
Migrating to CreateAdminNotes (201104120621)
Migrating to CreateServicos (20101005235210)
Migrating to CreateProdutos (20101005235320)
Migrating to DeviseCreateAdminUsers (20110412132112)
Migrating to MoveAdminNotesToComments (20110426072324)
Migrating to AddAdminToAdminUser (20130323190454)
  [1m[35mSQL (0.7ms)[0m  select sqlite_version(*)
  [1m[36mSQL (0.2ms)[0m  [1m SELECT name
 FROM sqlite_master
 WHERE type = 'table' AND NOT name = 'sqlite_sequence'
[0m
  [1m[35mSQL (0.3ms)[0m  SELECT "schema_migrations"."version" FROM "schema_migrations"
  [1m[36mSQL (0.2ms)[0m  [1m SELECT name
 FROM sqlite_master
 WHERE type = 'table' AND NOT name = 'sqlite_sequence'
[0m
  [1m[35mSQL (0.1ms)[0m  PRAGMA index_list("active_admin_comments")
  [1m[36mSQL (0.1ms)[0m  [1mPRAGMA index_info('index_admin_notes_on_resource_type_and_resource_id')[0m
  [1m[35mSQL (0.1ms)[0m  PRAGMA index_info('index_active_admin_comments_on_namespace')
  [1m[36mSQL (0.1ms)[0m  [1mPRAGMA index_info('index_active_admin_comments_on_author_type_and_author_id')[0m
  [1m[35mSQL (0.1ms)[0m  PRAGMA index_list("admin_users")
  [1m[36mSQL (0.1ms)[0m  [1mPRAGMA index_info('index_admin_users_on_reset_password_token')[0m
  [1m[35mSQL (0.1ms)[0m  PRAGMA index_info('index_admin_users_on_email')
  [1m[36mSQL (0.1ms)[0m  [1mPRAGMA index_list("produtos")[0m
  [1m[35mSQL (0.1ms)[0m  PRAGMA index_info('index_produtos_on_servico_id')
  [1m[36mSQL (0.2ms)[0m  [1mPRAGMA index_list("servicos")[0m
  [1m[35mSQL (0.1ms)[0m  PRAGMA index_info('index_servicos_on_nome')
  [1m[36mSQL (0.1ms)[0m  [1mPRAGMA index_info('index_servicos_on_modelo')[0m
  [1m[35mSQL (0.1ms)[0m  PRAGMA index_info('index_servicos_on_data_saida')
  [1m[36mSQL (0.1ms)[0m  [1mPRAGMA index_info('index_servicos_on_admin_user_id')[0m
  [1m[35mSQL (0.1ms)[0m  PRAGMA index_list("versions")
  [1m[36mSQL (0.1ms)[0m  [1mPRAGMA index_info('index_versions_on_item_type_and_item_id')[0m
DEPRECATION WARNING: config.action_view.debug_rjs will be removed in 3.1, from 3.1 onwards you will need to install prototype-rails to continue to use RJS templates . (called from <top (required)> at /home/neto/Downloads/aticell/config/environment.rb:5)
DEPRECATION WARNING: RAILS_ROOT is deprecated. Please use ::Rails.root.to_s. (called from <top (required)> at /home/neto/Downloads/aticell/config/initializers/config.rb:1)
DEPRECATION WARNING: RAILS_ENV is deprecated. Please use ::Rails.env. (called from <top (required)> at /home/neto/Downloads/aticell/config/initializers/config.rb:1)


Started POST "/aticell/login" for 127.0.0.1 at 2013-04-15 17:20:45 -0300
  Processing by ActiveAdmin::Devise::SessionsController#create as HTML
  Parameters: {"utf8"=>"✓", "authenticity_token"=>"CHkUev+aTdBdPWHC34cfHxY18UunEWhF9VH5M5mgJfA=", "admin_user"=>{"username"=>"admin", "password"=>"[FILTERED]", "remember_me"=>"0"}, "commit"=>"Entrar"}
  [1m[36mSQL (1.1ms)[0m  [1m SELECT name
 FROM sqlite_master
 WHERE type = 'table' AND NOT name = 'sqlite_sequence'
[0m
  [1m[35mAdminUser Load (0.3ms)[0m  SELECT "admin_users".* FROM "admin_users" WHERE "admin_users"."username" = 'admin' LIMIT 1
Completed 401 Unauthorized in 16ms
  Processing by ActiveAdmin::Devise::SessionsController#new as HTML
  Parameters: {"utf8"=>"✓", "authenticity_token"=>"CHkUev+aTdBdPWHC34cfHxY18UunEWhF9VH5M5mgJfA=", "admin_user"=>{"username"=>"admin", "password"=>"[FILTERED]", "remember_me"=>"0"}, "commit"=>"Entrar"}
Rendered /usr/share/ruby-rvm/gems/ruby-1.9.3-p0/gems/activeadmin-0.5.1/app/views/active_admin/devise/shared/_links.erb (2.1ms)
Rendered /usr/share/ruby-rvm/gems/ruby-1.9.3-p0/gems/activeadmin-0.5.1/app/views/active_admin/devise/sessions/new.html.erb within layouts/active_admin_logged_out (275.4ms)
Completed 200 OK in 435ms (Views: 282.6ms | ActiveRecord: 1.4ms)


Started GET "/stylesheets/active_admin/print.css" for 127.0.0.1 at 2013-04-15 17:20:46 -0300

ActionController::RoutingError (No route matches "/stylesheets/active_admin/print.css"):
  

Rendered /usr/share/ruby-rvm/gems/ruby-1.9.3-p0/gems/actionpack-3.0.10/lib/action_dispatch/middleware/templates/rescues/routing_error.erb within rescues/layout (1.3ms)
DEPRECATION WARNING: config.action_view.debug_rjs will be removed in 3.1, from 3.1 onwards you will need to install prototype-rails to continue to use RJS templates . (called from <top (required)> at /home/neto/Downloads/aticell/config/environment.rb:5)
DEPRECATION WARNING: RAILS_ROOT is deprecated. Please use ::Rails.root.to_s. (called from <top (required)> at /home/neto/Downloads/aticell/config/initializers/config.rb:1)
DEPRECATION WARNING: RAILS_ENV is deprecated. Please use ::Rails.env. (called from <top (required)> at /home/neto/Downloads/aticell/config/initializers/config.rb:1)
  [1m[36mSQL (0.5ms)[0m  [1mselect sqlite_version(*)[0m
  [1m[35mSQL (0.1ms)[0m   SELECT name
 FROM sqlite_master
 WHERE type = 'table' AND NOT name = 'sqlite_sequence'
  [1m[36mSQL (195.9ms)[0m  [1mCREATE TABLE "active_admin_comments" ("id" INTEGER PRIMARY KEY AUTOINCREMENT NOT NULL, "resource_id" integer NOT NULL, "resource_type" varchar(255) NOT NULL, "author_id" integer, "author_type" varchar(255), "body" text, "created_at" datetime, "updated_at" datetime, "namespace" varchar(255)) [0m
  [1m[35mSQL (0.1ms)[0m  PRAGMA index_list("active_admin_comments")
  [1m[36mSQL (155.3ms)[0m  [1mCREATE INDEX "index_active_admin_comments_on_author_type_and_author_id" ON "active_admin_comments" ("author_type", "author_id")[0m
  [1m[35mSQL (0.2ms)[0m  PRAGMA index_list("active_admin_comments")
  [1m[36mSQL (0.1ms)[0m  [1mPRAGMA index_info('index_active_admin_comments_on_author_type_and_author_id')[0m
  [1m[35mSQL (166.3ms)[0m  CREATE INDEX "index_active_admin_comments_on_namespace" ON "active_admin_comments" ("namespace")
  [1m[36mSQL (0.2ms)[0m  [1mPRAGMA index_list("active_admin_comments")[0m
  [1m[35mSQL (0.1ms)[0m  PRAGMA index_info('index_active_admin_comments_on_namespace')
  [1m[36mSQL (0.1ms)[0m  [1mPRAGMA index_info('index_active_admin_comments_on_author_type_and_author_id')[0m
  [1m[35mSQL (165.9ms)[0m  CREATE INDEX "index_admin_notes_on_resource_type_and_resource_id" ON "active_admin_comments" ("resource_type", "resource_id")
  [1m[36mSQL (0.2ms)[0m  [1m SELECT name
 FROM sqlite_master
 WHERE type = 'table' AND NOT name = 'sqlite_sequence'
[0m
  [1m[35mSQL (109.6ms)[0m  CREATE TABLE "admin_users" ("id" INTEGER PRIMARY KEY AUTOINCREMENT NOT NULL, "email" varchar(255) DEFAULT '' NOT NULL, "encrypted_password" varchar(128) DEFAULT '' NOT NULL, "reset_password_token" varchar(255), "remember_created_at" datetime, "sign_in_count" integer DEFAULT 0, "current_sign_in_at" datetime, "last_sign_in_at" datetime, "current_sign_in_ip" varchar(255), "last_sign_in_ip" varchar(255), "created_at" datetime, "updated_at" datetime, "nome" varchar(255), "username" varchar(255), "admin" boolean DEFAULT 'f') 
  [1m[36mSQL (0.1ms)[0m  [1mPRAGMA index_list("admin_users")[0m
  [1m[35mSQL (166.1ms)[0m  CREATE UNIQUE INDEX "index_admin_users_on_email" ON "admin_users" ("email")
  [1m[36mSQL (0.1ms)[0m  [1mPRAGMA index_list("admin_users")[0m
  [1m[35mSQL (0.1ms)[0m  PRAGMA index_info('index_admin_users_on_email')
  [1m[36mSQL (156.6ms)[0m  [1mCREATE UNIQUE INDEX "index_admin_users_on_reset_password_token" ON "admin_users" ("reset_password_token")[0m
  [1m[35mSQL (0.3ms)[0m   SELECT name
 FROM sqlite_master
 WHERE type = 'table' AND NOT name = 'sqlite_sequence'
  [1m[36mSQL (165.3ms)[0m  [1mCREATE TABLE "produtos" ("id" INTEGER PRIMARY KEY AUTOINCREMENT NOT NULL, "servico_id" integer, "quantidade" integer DEFAULT 0, "unidade" varchar(4), "descricao" varchar(100), "price" decimal(8,2) DEFAULT 0.0, "created_at" datetime, "updated_at" datetime) [0m
  [1m[35mSQL (0.1ms)[0m  PRAGMA index_list("produtos")
  [1m[36mSQL (166.3ms)[0m  [1mCREATE INDEX "index_produtos_on_servico_id" ON "produtos" ("servico_id")[0m
  [1m[35mSQL (0.3ms)[0m   SELECT name
 FROM sqlite_master
 WHERE type = 'table' AND NOT name = 'sqlite_sequence'
  [1m[36mSQL (141.7ms)[0m  [1mCREATE TABLE "servicos" ("id" INTEGER PRIMARY KEY AUTOINCREMENT NOT NULL, "tipos" varchar(255), "status" varchar(255), "nome" varchar(255), "endereco" varchar(255), "telefone" varchar(255), "modelo" varchar(255), "imei" varchar(255), "admin_user_id" integer, "data_saida" datetime, "entrega" boolean, "total_price" decimal(8,2) DEFAULT 0.0, "created_at" datetime, "updated_at" datetime) [0m
  [1m[35mSQL (0.1ms)[0m  PRAGMA index_list("servicos")
  [1m[36mSQL (144.7ms)[0m  [1mCREATE INDEX "index_servicos_on_admin_user_id" ON "servicos" ("admin_user_id")[0m
  [1m[35mSQL (0.2ms)[0m  PRAGMA index_list("servicos")
  [1m[36mSQL (0.1ms)[0m  [1mPRAGMA index_info('index_servicos_on_admin_user_id')[0m
  [1m[35mSQL (145.6ms)[0m  CREATE INDEX "index_servicos_on_data_saida" ON "servicos" ("data_saida")
  [1m[36mSQL (0.2ms)[0m  [1mPRAGMA index_list("servicos")[0m
  [1m[35mSQL (0.1ms)[0m  PRAGMA index_info('index_servicos_on_data_saida')
  [1m[36mSQL (0.1ms)[0m  [1mPRAGMA index_info('index_servicos_on_admin_user_id')[0m
  [1m[35mSQL (166.0ms)[0m  CREATE INDEX "index_servicos_on_modelo" ON "servicos" ("modelo")
  [1m[36mSQL (0.2ms)[0m  [1mPRAGMA index_list("servicos")[0m
  [1m[35mSQL (0.1ms)[0m  PRAGMA index_info('index_servicos_on_modelo')
  [1m[36mSQL (0.1ms)[0m  [1mPRAGMA index_info('index_servicos_on_data_saida')[0m
  [1m[35mSQL (0.1ms)[0m  PRAGMA index_info('index_servicos_on_admin_user_id')
  [1m[36mSQL (165.5ms)[0m  [1mCREATE INDEX "index_servicos_on_nome" ON "servicos" ("nome")[0m
  [1m[35mSQL (0.3ms)[0m   SELECT name
 FROM sqlite_master
 WHERE type = 'table' AND NOT name = 'sqlite_sequence'
  [1m[36mSQL (165.1ms)[0m  [1mCREATE TABLE "versions" ("id" INTEGER PRIMARY KEY AUTOINCREMENT NOT NULL, "item_type" varchar(255) NOT NULL, "item_id" integer NOT NULL, "event" varchar(255) NOT NULL, "whodunnit" varchar(255), "object" text, "created_at" datetime) [0m
  [1m[35mSQL (0.1ms)[0m  PRAGMA index_list("versions")
  [1m[36mSQL (144.3ms)[0m  [1mCREATE INDEX "index_versions_on_item_type_and_item_id" ON "versions" ("item_type", "item_id")[0m
  [1m[35mSQL (0.4ms)[0m   SELECT name
 FROM sqlite_master
 WHERE type = 'table' AND NOT name = 'sqlite_sequence'
  [1m[36mSQL (133.0ms)[0m  [1mCREATE TABLE "schema_migrations" ("version" varchar(255) NOT NULL) [0m
  [1m[35mSQL (0.1ms)[0m  PRAGMA index_list("schema_migrations")
  [1m[36mSQL (135.4ms)[0m  [1mCREATE UNIQUE INDEX "unique_schema_migrations" ON "schema_migrations" ("version")[0m
  [1m[35mSQL (0.3ms)[0m   SELECT name
 FROM sqlite_master
 WHERE type = 'table' AND NOT name = 'sqlite_sequence'
  [1m[36mSQL (0.1ms)[0m  [1mSELECT version FROM "schema_migrations"[0m
  [1m[35mSQL (166.0ms)[0m  INSERT INTO "schema_migrations" (version) VALUES ('20130409225132')
  [1m[36mSQL (155.8ms)[0m  [1mINSERT INTO "schema_migrations" (version) VALUES ('20130323190454')[0m
  [1m[35mSQL (122.8ms)[0m  INSERT INTO "schema_migrations" (version) VALUES ('201104120621')
  [1m[36mSQL (111.7ms)[0m  [1mINSERT INTO "schema_migrations" (version) VALUES ('20110426072324')[0m
  [1m[35mSQL (122.8ms)[0m  INSERT INTO "schema_migrations" (version) VALUES ('20101005235210')
  [1m[36mSQL (135.3ms)[0m  [1mINSERT INTO "schema_migrations" (version) VALUES ('20101005235320')[0m
  [1m[35mSQL (155.9ms)[0m  INSERT INTO "schema_migrations" (version) VALUES ('20110412132112')
  [1m[36mSQL (0.4ms)[0m  [1m SELECT name
 FROM sqlite_master
 WHERE type = 'table' AND NOT name = 'sqlite_sequence'
[0m
  [1m[35mSQL (0.3ms)[0m   SELECT name
 FROM sqlite_master
 WHERE type = 'table' AND NOT name = 'sqlite_sequence'
  [1m[36mSQL (0.3ms)[0m  [1mSELECT "schema_migrations"."version" FROM "schema_migrations"[0m
  [1m[35mAREL (0.6ms)[0m  INSERT INTO "servicos" ("tipos", "status", "nome", "endereco", "telefone", "modelo", "imei", "admin_user_id", "data_saida", "entrega", "total_price", "created_at", "updated_at", "id") VALUES ('RECIBO', NULL, 'Teste 01', NULL, NULL, 'IPHONE', NULL, NULL, NULL, NULL, 0.0, '2013-04-15 20:22:07.369537', '2013-04-15 20:22:07.369537', 4000)
  [1m[36mProduto Load (0.3ms)[0m  [1mSELECT "produtos".* FROM "produtos" WHERE ("produtos".servico_id = 4000)[0m
  [1m[35mAREL (130.4ms)[0m  DELETE FROM "servicos" WHERE "servicos"."id" = 4000
  [1m[36mSQL (0.2ms)[0m  [1mSELECT 1 FROM "admin_users" WHERE (LOWER("admin_users"."email") = LOWER('admin@example.com')) LIMIT 1[0m
  [1m[35mSQL (0.1ms)[0m  SELECT 1 FROM "admin_users" WHERE ("admin_users"."username" = 'admin') LIMIT 1
  [1m[36mSQL (0.1ms)[0m  [1mSELECT 1 FROM "admin_users" WHERE ("admin_users"."email" = 'admin@example.com') LIMIT 1[0m
  [1m[35mAREL (0.4ms)[0m  INSERT INTO "admin_users" ("email", "encrypted_password", "reset_password_token", "remember_created_at", "sign_in_count", "current_sign_in_at", "last_sign_in_at", "current_sign_in_ip", "last_sign_in_ip", "created_at", "updated_at", "nome", "username", "admin") VALUES ('admin@example.com', '$2a$10$Ii.GJSHKHe.pxxpsnC1fTuTYcJ/TXTYkcxn/piuE6gLhqgMvqwdBG', NULL, NULL, 0, NULL, NULL, NULL, NULL, '2013-04-15 20:22:07.878370', '2013-04-15 20:22:07.878370', 'admin', 'admin', 't')
DEPRECATION WARNING: config.action_view.debug_rjs will be removed in 3.1, from 3.1 onwards you will need to install prototype-rails to continue to use RJS templates . (called from <top (required)> at /home/neto/Downloads/aticell/config/environment.rb:5)
DEPRECATION WARNING: RAILS_ROOT is deprecated. Please use ::Rails.root.to_s. (called from <top (required)> at /home/neto/Downloads/aticell/config/initializers/config.rb:1)
DEPRECATION WARNING: RAILS_ENV is deprecated. Please use ::Rails.env. (called from <top (required)> at /home/neto/Downloads/aticell/config/initializers/config.rb:1)
  [1m[36mSQL (1.1ms)[0m  [1m SELECT name
 FROM sqlite_master
 WHERE type = 'table' AND NOT name = 'sqlite_sequence'
[0m
  [1m[35mSQL (0.3ms)[0m   SELECT name
 FROM sqlite_master
 WHERE type = 'table' AND NOT name = 'sqlite_sequence'
  [1m[36mSQL (0.2ms)[0m  [1mSELECT "schema_migrations"."version" FROM "schema_migrations"[0m
  [1m[35mAREL (0.6ms)[0m  INSERT INTO "servicos" ("tipos", "status", "nome", "endereco", "telefone", "modelo", "imei", "admin_user_id", "data_saida", "entrega", "total_price", "created_at", "updated_at", "id") VALUES ('RECIBO', NULL, 'Teste 01', NULL, NULL, 'IPHONE', NULL, NULL, NULL, NULL, 0.0, '2013-04-15 20:22:42.846844', '2013-04-15 20:22:42.846844', 4000)
  [1m[36mProduto Load (0.3ms)[0m  [1mSELECT "produtos".* FROM "produtos" WHERE ("produtos".servico_id = 4000)[0m
  [1m[35mAREL (132.2ms)[0m  DELETE FROM "servicos" WHERE "servicos"."id" = 4000
  [1m[36mSQL (0.3ms)[0m  [1mSELECT 1 FROM "admin_users" WHERE (LOWER("admin_users"."email") = LOWER('admin@example.com')) LIMIT 1[0m
  [1m[35mSQL (0.2ms)[0m  SELECT 1 FROM "admin_users" WHERE ("admin_users"."username" = 'admin') LIMIT 1
  [1m[36mSQL (0.2ms)[0m  [1mSELECT 1 FROM "admin_users" WHERE ("admin_users"."email" = 'admin@example.com') LIMIT 1[0m
DEPRECATION WARNING: config.action_view.debug_rjs will be removed in 3.1, from 3.1 onwards you will need to install prototype-rails to continue to use RJS templates . (called from <top (required)> at /home/neto/Downloads/aticell/config/environment.rb:5)
DEPRECATION WARNING: RAILS_ROOT is deprecated. Please use ::Rails.root.to_s. (called from <top (required)> at /home/neto/Downloads/aticell/config/initializers/config.rb:1)
DEPRECATION WARNING: RAILS_ENV is deprecated. Please use ::Rails.env. (called from <top (required)> at /home/neto/Downloads/aticell/config/initializers/config.rb:1)


Started GET "/aticell/login" for 127.0.0.1 at 2013-04-15 17:23:15 -0300
  Processing by ActiveAdmin::Devise::SessionsController#new as HTML
Rendered /usr/share/ruby-rvm/gems/ruby-1.9.3-p0/gems/activeadmin-0.5.1/app/views/active_admin/devise/shared/_links.erb (2.2ms)
Rendered /usr/share/ruby-rvm/gems/ruby-1.9.3-p0/gems/activeadmin-0.5.1/app/views/active_admin/devise/sessions/new.html.erb within layouts/active_admin_logged_out (410.8ms)
Completed 200 OK in 449ms (Views: 417.9ms | ActiveRecord: 0.0ms)


Started GET "/stylesheets/active_admin/print.css" for 127.0.0.1 at 2013-04-15 17:23:16 -0300

ActionController::RoutingError (No route matches "/stylesheets/active_admin/print.css"):
  

Rendered /usr/share/ruby-rvm/gems/ruby-1.9.3-p0/gems/actionpack-3.0.10/lib/action_dispatch/middleware/templates/rescues/routing_error.erb within rescues/layout (1.2ms)


Started POST "/aticell/login" for 127.0.0.1 at 2013-04-15 17:23:19 -0300
  Processing by ActiveAdmin::Devise::SessionsController#create as HTML
  Parameters: {"utf8"=>"✓", "authenticity_token"=>"CHkUev+aTdBdPWHC34cfHxY18UunEWhF9VH5M5mgJfA=", "admin_user"=>{"username"=>"admin", "password"=>"[FILTERED]", "remember_me"=>"0"}, "commit"=>"Entrar"}
  [1m[36mSQL (1.0ms)[0m  [1m SELECT name
 FROM sqlite_master
 WHERE type = 'table' AND NOT name = 'sqlite_sequence'
[0m
  [1m[35mAdminUser Load (1.5ms)[0m  SELECT "admin_users".* FROM "admin_users" WHERE "admin_users"."username" = 'admin' LIMIT 1
  [1m[36mAREL (0.4ms)[0m  [1mUPDATE "admin_users" SET "last_sign_in_at" = '2013-04-15 20:23:19.974907', "current_sign_in_at" = '2013-04-15 20:23:19.974907', "last_sign_in_ip" = '127.0.0.1', "current_sign_in_ip" = '127.0.0.1', "sign_in_count" = 1, "updated_at" = '2013-04-15 20:23:19.975434' WHERE "admin_users"."id" = 1[0m
Redirected to http://localhost:3000/aticell
Completed 302 Found in 455ms


Started GET "/aticell" for 127.0.0.1 at 2013-04-15 17:23:20 -0300
  Processing by Aticell::DashboardController#index as HTML
  [1m[35mAdminUser Load (0.8ms)[0m  SELECT "admin_users".* FROM "admin_users" WHERE "admin_users"."id" = 1 LIMIT 1
  [1m[36mSQL (0.2ms)[0m  [1mSELECT COUNT(*) FROM "servicos"[0m
  [1m[35mServico Load (0.3ms)[0m  SELECT "servicos".* FROM "servicos" ORDER BY id desc LIMIT 10
  [1m[36mSQL (0.2ms)[0m  [1mSELECT COUNT(*) FROM "servicos" WHERE (date(created_at) <= '2013-02-15' and data_saida is null)[0m
  [1m[35mServico Load (0.3ms)[0m  SELECT "servicos".* FROM "servicos" WHERE (date(created_at) <= '2013-02-15' and data_saida is null) ORDER BY created_at desc LIMIT 10
Rendered /usr/share/ruby-rvm/gems/ruby-1.9.3-p0/gems/activeadmin-0.5.1/app/views/active_admin/page/index.html.arb (94.1ms)
Completed 200 OK in 158ms (Views: 104.6ms | ActiveRecord: 1.8ms)


Started GET "/stylesheets/active_admin/print.css" for 127.0.0.1 at 2013-04-15 17:23:20 -0300

ActionController::RoutingError (No route matches "/stylesheets/active_admin/print.css"):
  

Rendered /usr/share/ruby-rvm/gems/ruby-1.9.3-p0/gems/actionpack-3.0.10/lib/action_dispatch/middleware/templates/rescues/routing_error.erb within rescues/layout (1.3ms)


Started GET "/aticell/servicos" for 127.0.0.1 at 2013-04-15 17:23:23 -0300
  Processing by Aticell::ServicosController#index as HTML
  [1m[36mAdminUser Load (0.8ms)[0m  [1mSELECT "admin_users".* FROM "admin_users" WHERE "admin_users"."id" = 1 LIMIT 1[0m
  [1m[35mSQL (0.3ms)[0m  SELECT COUNT(*) FROM "servicos"
  [1m[36mSQL (0.2ms)[0m  [1mSELECT COUNT(*) FROM "servicos" WHERE (servicos.tipos='ORCAMENTO')[0m
  [1m[35mSQL (0.3ms)[0m  SELECT COUNT(*) FROM "servicos" WHERE (servicos.tipos='OS')
  [1m[36mSQL (0.3ms)[0m  [1mSELECT COUNT(*) FROM "servicos" WHERE (servicos.tipos='RECIBO')[0m
  [1m[35mSQL (0.2ms)[0m  SELECT COUNT(*) FROM "servicos" WHERE (servicos.tipos='GARANTIA')
  [1m[36mSQL (0.2ms)[0m  [1mSELECT COUNT(*) FROM "servicos" WHERE (date(created_at) <= '2013-02-15' and data_saida is null)[0m
  [1m[35mSQL (0.2ms)[0m  SELECT COUNT(*) FROM "servicos" WHERE (date(created_at) <= '2013-01-15' and data_saida is null)
  [1m[36mServico Load (0.3ms)[0m  [1mSELECT "servicos".* FROM "servicos" LIMIT 30 OFFSET 0[0m
Rendered /usr/share/ruby-rvm/gems/ruby-1.9.3-p0/gems/activeadmin-0.5.1/app/views/active_admin/resource/index.html.arb (377.4ms)
Completed 200 OK in 526ms (Views: 387.3ms | ActiveRecord: 2.9ms)


Started GET "/stylesheets/active_admin/print.css" for 127.0.0.1 at 2013-04-15 17:23:23 -0300

ActionController::RoutingError (No route matches "/stylesheets/active_admin/print.css"):
  

Rendered /usr/share/ruby-rvm/gems/ruby-1.9.3-p0/gems/actionpack-3.0.10/lib/action_dispatch/middleware/templates/rescues/routing_error.erb within rescues/layout (1.3ms)


Started GET "/aticell/usuarios" for 127.0.0.1 at 2013-04-15 17:23:23 -0300
  Processing by Aticell::UsuariosController#index as HTML
  [1m[35mAdminUser Load (0.9ms)[0m  SELECT "admin_users".* FROM "admin_users" WHERE "admin_users"."id" = 1 LIMIT 1
  [1m[36mAdminUser Load (1.0ms)[0m  [1mSELECT "admin_users".* FROM "admin_users" LIMIT 10000 OFFSET 0[0m
  [1m[35mSQL (0.2ms)[0m  SELECT COUNT(*) FROM "admin_users"
  [1m[36mCACHE (0.0ms)[0m  [1mSELECT "admin_users".* FROM "admin_users" LIMIT 10000 OFFSET 0[0m
  [1m[35mAdminUser Load (1.1ms)[0m  SELECT "admin_users".* FROM "admin_users" ORDER BY "admin_users"."id" desc LIMIT 10000 OFFSET 0
Rendered /usr/share/ruby-rvm/gems/ruby-1.9.3-p0/gems/activeadmin-0.5.1/app/views/active_admin/resource/index.html.arb (174.5ms)
Completed 200 OK in 306ms (Views: 183.6ms | ActiveRecord: 3.2ms)


Started GET "/stylesheets/active_admin/print.css" for 127.0.0.1 at 2013-04-15 17:23:24 -0300

ActionController::RoutingError (No route matches "/stylesheets/active_admin/print.css"):
  

Rendered /usr/share/ruby-rvm/gems/ruby-1.9.3-p0/gems/actionpack-3.0.10/lib/action_dispatch/middleware/templates/rescues/routing_error.erb within rescues/layout (1.3ms)


Started GET "/aticell/servicos" for 127.0.0.1 at 2013-04-15 17:23:31 -0300
  Processing by Aticell::ServicosController#index as HTML
  [1m[36mAdminUser Load (2.0ms)[0m  [1mSELECT "admin_users".* FROM "admin_users" WHERE "admin_users"."id" = 1 LIMIT 1[0m
  [1m[35mSQL (0.4ms)[0m  SELECT COUNT(*) FROM "servicos"
  [1m[36mSQL (0.4ms)[0m  [1mSELECT COUNT(*) FROM "servicos" WHERE (servicos.tipos='ORCAMENTO')[0m
  [1m[35mSQL (0.2ms)[0m  SELECT COUNT(*) FROM "servicos" WHERE (servicos.tipos='OS')
  [1m[36mSQL (0.2ms)[0m  [1mSELECT COUNT(*) FROM "servicos" WHERE (servicos.tipos='RECIBO')[0m
  [1m[35mSQL (0.2ms)[0m  SELECT COUNT(*) FROM "servicos" WHERE (servicos.tipos='GARANTIA')
  [1m[36mSQL (0.2ms)[0m  [1mSELECT COUNT(*) FROM "servicos" WHERE (date(created_at) <= '2013-02-15' and data_saida is null)[0m
  [1m[35mSQL (0.2ms)[0m  SELECT COUNT(*) FROM "servicos" WHERE (date(created_at) <= '2013-01-15' and data_saida is null)
  [1m[36mServico Load (0.3ms)[0m  [1mSELECT "servicos".* FROM "servicos" LIMIT 30 OFFSET 0[0m
Rendered /usr/share/ruby-rvm/gems/ruby-1.9.3-p0/gems/activeadmin-0.5.1/app/views/active_admin/resource/index.html.arb (292.8ms)
Completed 200 OK in 445ms (Views: 301.8ms | ActiveRecord: 4.0ms)


Started GET "/stylesheets/active_admin/print.css" for 127.0.0.1 at 2013-04-15 17:23:31 -0300

ActionController::RoutingError (No route matches "/stylesheets/active_admin/print.css"):
  

Rendered /usr/share/ruby-rvm/gems/ruby-1.9.3-p0/gems/actionpack-3.0.10/lib/action_dispatch/middleware/templates/rescues/routing_error.erb within rescues/layout (1.3ms)


Started GET "/aticell/servicos/new" for 127.0.0.1 at 2013-04-15 17:23:33 -0300
  Processing by Aticell::ServicosController#new as HTML
  [1m[35mAdminUser Load (0.7ms)[0m  SELECT "admin_users".* FROM "admin_users" WHERE "admin_users"."id" = 1 LIMIT 1
Rendered admin/servicos/_line_item_fields.html.erb (97.2ms)
Rendered admin/servicos/_form.html.erb (314.9ms)
Rendered admin/_sidebar_links.html.erb (1.4ms)
Rendered /usr/share/ruby-rvm/gems/ruby-1.9.3-p0/gems/activeadmin-0.5.1/app/views/active_admin/resource/new.html.arb (334.1ms)
Completed 200 OK in 566ms (Views: 419.8ms | ActiveRecord: 0.7ms)


Started GET "/stylesheets/active_admin/print.css" for 127.0.0.1 at 2013-04-15 17:23:34 -0300

ActionController::RoutingError (No route matches "/stylesheets/active_admin/print.css"):
  

Rendered /usr/share/ruby-rvm/gems/ruby-1.9.3-p0/gems/actionpack-3.0.10/lib/action_dispatch/middleware/templates/rescues/routing_error.erb within rescues/layout (1.4ms)


Started POST "/aticell/servicos" for 127.0.0.1 at 2013-04-15 17:23:36 -0300
  Processing by Aticell::ServicosController#create as HTML
  Parameters: {"utf8"=>"✓", "authenticity_token"=>"CHkUev+aTdBdPWHC34cfHxY18UunEWhF9VH5M5mgJfA=", "servico"=>{"nome"=>"", "endereco"=>"", "telefone"=>"", "modelo"=>"", "imei"=>"", "admin_user_id"=>"1", "produtos_attributes"=>{"1366057414258"=>{"quantidade"=>"", "unidade"=>"", "descricao"=>"", "price"=>"", "_destroy"=>""}}}, "commit"=>"Salvar"}
  [1m[36mAdminUser Load (0.7ms)[0m  [1mSELECT "admin_users".* FROM "admin_users" WHERE "admin_users"."id" = 1 LIMIT 1[0m
Rendered admin/servicos/_line_item_fields.html.erb (100.9ms)
Rendered admin/servicos/_form.html.erb (239.8ms)
Rendered admin/_sidebar_links.html.erb (1.4ms)
Rendered /usr/share/ruby-rvm/gems/ruby-1.9.3-p0/gems/activeadmin-0.5.1/app/views/active_admin/resource/new.html.arb (260.5ms)
Completed 200 OK in 451ms (Views: 272.3ms | ActiveRecord: 0.7ms)


Started GET "/stylesheets/active_admin/print.css" for 127.0.0.1 at 2013-04-15 17:23:36 -0300

ActionController::RoutingError (No route matches "/stylesheets/active_admin/print.css"):
  

Rendered /usr/share/ruby-rvm/gems/ruby-1.9.3-p0/gems/actionpack-3.0.10/lib/action_dispatch/middleware/templates/rescues/routing_error.erb within rescues/layout (1.3ms)


Started POST "/aticell/servicos" for 127.0.0.1 at 2013-04-15 17:24:46 -0300
  Processing by Aticell::ServicosController#create as HTML
  Parameters: {"utf8"=>"✓", "authenticity_token"=>"CHkUev+aTdBdPWHC34cfHxY18UunEWhF9VH5M5mgJfA=", "servico"=>{"tipos"=>"ORCAMENTO", "nome"=>"teste", "endereco"=>"", "telefone"=>"", "modelo"=>"teste", "imei"=>"", "admin_user_id"=>"1", "produtos_attributes"=>{"1366057416943"=>{"quantidade"=>"", "unidade"=>"", "descricao"=>"", "price"=>"", "_destroy"=>""}}}, "commit"=>"Salvar"}
  [1m[35mAdminUser Load (3.8ms)[0m  SELECT "admin_users".* FROM "admin_users" WHERE "admin_users"."id" = 1 LIMIT 1
  [1m[36mAREL (0.6ms)[0m  [1mINSERT INTO "servicos" ("tipos", "status", "nome", "endereco", "telefone", "modelo", "imei", "admin_user_id", "data_saida", "entrega", "total_price", "created_at", "updated_at") VALUES ('ORCAMENTO', NULL, 'teste', '', '', 'teste', '', 1, NULL, NULL, 0.0, '2013-04-15 20:24:46.718731', '2013-04-15 20:24:46.718731')[0m
Redirected to http://localhost:3000/aticell/servicos/4001
Completed 302 Found in 447ms


Started GET "/aticell/servicos/4001" for 127.0.0.1 at 2013-04-15 17:24:47 -0300
  Processing by Aticell::ServicosController#show as HTML
  Parameters: {"id"=>"4001"}
  [1m[35mAdminUser Load (0.8ms)[0m  SELECT "admin_users".* FROM "admin_users" WHERE "admin_users"."id" = 1 LIMIT 1
  [1m[36mServico Load (0.9ms)[0m  [1mSELECT "servicos".* FROM "servicos" WHERE "servicos"."id" = 4001 LIMIT 1[0m
  [1m[35mProduto Load (0.3ms)[0m  SELECT "produtos".* FROM "produtos" WHERE ("produtos".servico_id = 4001)
  [1m[36mSQL (0.3ms)[0m  [1mSELECT COUNT(*) FROM "active_admin_comments" WHERE "active_admin_comments"."resource_type" = 'Servico' AND "active_admin_comments"."resource_id" = 4001 AND "active_admin_comments"."namespace" = 'aticell'[0m
  [1m[35mCACHE (0.0ms)[0m  SELECT COUNT(*) FROM "active_admin_comments" WHERE "active_admin_comments"."resource_type" = 'Servico' AND "active_admin_comments"."resource_id" = 4001 AND "active_admin_comments"."namespace" = 'aticell'
  [1m[36mCACHE (0.0ms)[0m  [1mSELECT "admin_users".* FROM "admin_users" WHERE "admin_users"."id" = 1 LIMIT 1[0m
Rendered admin/_sidebar_links.html.erb (3.7ms)
Rendered /usr/share/ruby-rvm/gems/ruby-1.9.3-p0/gems/activeadmin-0.5.1/app/views/active_admin/resource/show.html.arb (232.2ms)
Completed 200 OK in 398ms (Views: 242.9ms | ActiveRecord: 2.2ms)


Started GET "/stylesheets/active_admin/print.css" for 127.0.0.1 at 2013-04-15 17:24:47 -0300

ActionController::RoutingError (No route matches "/stylesheets/active_admin/print.css"):
  

Rendered /usr/share/ruby-rvm/gems/ruby-1.9.3-p0/gems/actionpack-3.0.10/lib/action_dispatch/middleware/templates/rescues/routing_error.erb within rescues/layout (1.5ms)


Started GET "/aticell/servicos/4001/generate_pdf" for 127.0.0.1 at 2013-04-15 17:24:50 -0300
  Processing by Aticell::ServicosController#generate_pdf as HTML
  Parameters: {"id"=>"4001"}
  [1m[35mAdminUser Load (0.9ms)[0m  SELECT "admin_users".* FROM "admin_users" WHERE "admin_users"."id" = 1 LIMIT 1
  [1m[36mServico Load (0.9ms)[0m  [1mSELECT "servicos".* FROM "servicos" WHERE "servicos"."id" = 4001 LIMIT 1[0m
  [1m[35mProduto Load (0.3ms)[0m  SELECT "produtos".* FROM "produtos" WHERE ("produtos".servico_id = 4001)
  [1m[36mSQL (0.2ms)[0m  [1mSELECT COUNT(*) FROM "produtos" WHERE ("produtos".servico_id = 4001)[0m
  [1m[35mCACHE (0.0ms)[0m  SELECT COUNT(*) FROM "produtos" WHERE ("produtos".servico_id = 4001)
  [1m[36mCACHE (0.0ms)[0m  [1mSELECT COUNT(*) FROM "produtos" WHERE ("produtos".servico_id = 4001)[0m
  [1m[35mCACHE (0.0ms)[0m  SELECT COUNT(*) FROM "produtos" WHERE ("produtos".servico_id = 4001)
  [1m[36mCACHE (0.0ms)[0m  [1mSELECT COUNT(*) FROM "produtos" WHERE ("produtos".servico_id = 4001)[0m
  [1m[35mCACHE (0.0ms)[0m  SELECT COUNT(*) FROM "produtos" WHERE ("produtos".servico_id = 4001)
Rendered text template (0.0ms)
Sent data ORCAMENTO Nota Nº4001 .pdf (14.8ms)
Completed 200 OK in 939ms (Views: 14.6ms | ActiveRecord: 2.3ms)
